General Logger:	2021/04/20 14:19:02 main.go:41: smartContract=0xCf072309575249Cc403d0693885D881B85Ba6aa1
General Logger:	2021/04/20 14:19:22 rotationService.go:87: {[207 7 35 9 87 82 73 204 64 61 6 147 136 93 136 27 133 186 106 161] [[203 136 52 194 73 73 57 169 233 202 151 171 11 240 29 250 245 186 164 20 110 251 158 190 176 63 112 108 93 133 164 158] [0 0 0 0 0 0 0 0 0 0 0 0 188 237 162 186 154 246 92 24 199 153 40 73 195 18 209 219 119 207 0 142]] [0 0 0 0 0 0 0 0 0 0 0 0 0 0 0 0 0 0 0 0 0 0 0 0 0 0 0 0 0 0 0 67] 609210 [124 74 198 211 203 161 41 102 155 29 92 149 150 24 245 107 111 77 239 239 138 7 129 178 234 177 176 25 238 24 184 173] 0 [81 112 185 2 190 68 192 194 146 68 234 28 114 197 60 54 56 19 52 208 233 104 154 61 105 128 5 254 161 253 129 69] 0 false}
General Logger:	2021/04/20 14:19:22 client.go:51: Rotation Contract instanced: 0xCf072309575249Cc403d0693885D881B85Ba6aa1
General Logger:	2021/04/20 14:19:23 client.go:79: Rotation Contract instanced: 0xCf072309575249Cc403d0693885D881B85Ba6aa1
General Logger:	2021/04/20 14:22:46 main.go:41: smartContract=0xCf072309575249Cc403d0693885D881B85Ba6aa1
General Logger:	2021/04/20 14:22:56 rotationService.go:88: {[207 7 35 9 87 82 73 204 64 61 6 147 136 93 136 27 133 186 106 161] [[203 136 52 194 73 73 57 169 233 202 151 171 11 240 29 250 245 186 164 20 110 251 158 190 176 63 112 108 93 133 164 158] [0 0 0 0 0 0 0 0 0 0 0 0 188 237 162 186 154 246 92 24 199 153 40 73 195 18 209 219 119 207 0 142]] [0 0 0 0 0 0 0 0 0 0 0 0 0 0 0 0 0 0 0 0 0 0 0 0 0 0 0 0 0 0 0 98] 609317 [10 238 26 68 10 134 137 187 116 246 27 201 132 236 65 114 72 166 75 38 36 11 210 223 217 8 127 98 72 79 216 251] 0 [184 103 59 219 172 158 164 212 25 29 195 230 105 214 78 93 223 131 134 79 172 127 129 13 116 74 59 218 104 232 74 193] 0 false}
General Logger:	2021/04/20 14:22:56 rotationService.go:89: 0xcb8834c2494939a9e9ca97ab0bf01dfaf5baa4146efb9ebeb03f706c5d85a49e
General Logger:	2021/04/20 14:22:56 rotationService.go:90: 0x cb8834c2494939a9e9ca97ab0bf01dfaf5baa4146efb9ebeb03f706c5d85a49e
General Logger:	2021/04/20 14:22:56 client.go:51: Rotation Contract instanced: 0xCf072309575249Cc403d0693885D881B85Ba6aa1
General Logger:	2021/04/20 14:22:57 client.go:79: Rotation Contract instanced: 0xCf072309575249Cc403d0693885D881B85Ba6aa1
General Logger:	2021/04/20 14:43:07 rotationService.go:88: {[207 7 35 9 87 82 73 204 64 61 6 147 136 93 136 27 133 186 106 161] [[203 136 52 194 73 73 57 169 233 202 151 171 11 240 29 250 245 186 164 20 110 251 158 190 176 63 112 108 93 133 164 158] [0 0 0 0 0 0 0 0 0 0 0 0 188 237 162 186 154 246 92 24 199 153 40 73 195 18 209 219 119 207 0 142]] [0 0 0 0 0 0 0 0 0 0 0 0 0 0 0 0 0 0 0 0 0 0 0 0 0 0 0 0 0 0 0 100] 609922 [139 229 93 184 240 168 233 9 82 86 249 120 198 227 182 234 251 19 21 226 16 254 11 24 221 51 152 14 104 15 79 181] 0 [98 123 12 140 120 109 103 188 23 91 152 110 98 3 211 131 157 122 115 143 143 160 115 14 176 154 122 43 182 72 159 169] 0 false}
General Logger:	2021/04/20 14:43:07 rotationService.go:89: 0xcb8834c2494939a9e9ca97ab0bf01dfaf5baa4146efb9ebeb03f706c5d85a49e
General Logger:	2021/04/20 14:43:07 rotationService.go:90: 0x cb8834c2494939a9e9ca97ab0bf01dfaf5baa4146efb9ebeb03f706c5d85a49e
General Logger:	2021/04/20 14:43:07 client.go:51: Rotation Contract instanced: 0xCf072309575249Cc403d0693885D881B85Ba6aa1
General Logger:	2021/04/20 14:43:07 client.go:79: Rotation Contract instanced: 0xCf072309575249Cc403d0693885D881B85Ba6aa1
General Logger:	2021/04/20 15:55:37 main.go:41: smartContract=0xDD2a0323187efa3278D2364687B1e93092901C21
General Logger:	2021/04/20 16:04:05 main.go:41: smartContract=0x8048098fE9d3E9FDF0e2f9e52014e80C41e57D97
General Logger:	2021/04/20 16:05:19 rotationService.go:88: {[128 72 9 143 233 211 233 253 240 226 249 229 32 20 232 12 65 229 125 151] [[219 155 13 101 210 160 215 30 172 10 137 219 143 68 138 195 231 246 63 178 26 142 249 61 45 200 76 233 183 1 5 123]] [0 0 0 0 0 0 0 0 0 0 0 0 0 0 0 0 0 0 0 0 0 0 0 0 0 0 0 0 0 9 88 36] 612388 [68 97 119 58 152 137 91 17 230 23 160 183 95 119 36 60 188 80 40 159 208 236 118 155 196 105 144 42 24 48 144 209] 0 [96 245 187 81 233 109 33 63 98 120 172 53 185 127 151 206 5 223 6 61 47 212 62 255 145 203 99 151 187 64 59 164] 0 false}
General Logger:	2021/04/20 16:05:19 rotationService.go:89: 0xdb9b0d65d2a0d71eac0a89db8f448ac3e7f63fb21a8ef93d2dc84ce9b701057b
General Logger:	2021/04/20 16:05:19 rotationService.go:90: 0x db9b0d65d2a0d71eac0a89db8f448ac3e7f63fb21a8ef93d2dc84ce9b701057b
General Logger:	2021/04/20 16:05:19 client.go:51: Rotation Contract instanced: 0x8048098fE9d3E9FDF0e2f9e52014e80C41e57D97
General Logger:	2021/04/20 17:06:55 main.go:41: smartContract=0x8048098fE9d3E9FDF0e2f9e52014e80C41e57D97
General Logger:	2021/04/20 17:07:29 rotationService.go:88: {[128 72 9 143 233 211 233 253 240 226 249 229 32 20 232 12 65 229 125 151] [[219 155 13 101 210 160 215 30 172 10 137 219 143 68 138 195 231 246 63 178 26 142 249 61 45 200 76 233 183 1 5 123]] [0 0 0 0 0 0 0 0 0 0 0 0 0 0 0 0 0 0 0 0 0 0 0 0 0 0 0 0 0 9 95 109] 614253 [66 148 15 218 171 218 89 241 11 134 216 110 140 198 48 54 142 5 95 229 231 205 199 52 6 139 138 13 221 181 87 253] 0 [14 62 23 154 87 185 95 214 83 23 66 87 116 10 69 233 94 126 226 121 155 118 81 72 88 36 121 191 233 50 118 14] 0 false}
General Logger:	2021/04/20 17:07:29 rotationService.go:89: event: 0xdb9b0d65d2a0d71eac0a89db8f448ac3e7f63fb21a8ef93d2dc84ce9b701057b
General Logger:	2021/04/20 17:07:29 client.go:51: Rotation Contract instanced: 0x8048098fE9d3E9FDF0e2f9e52014e80C41e57D97
General Logger:	2021/04/20 17:14:22 main.go:41: smartContract=0x8048098fE9d3E9FDF0e2f9e52014e80C41e57D97
General Logger:	2021/04/20 17:14:43 rotationService.go:88: {[128 72 9 143 233 211 233 253 240 226 249 229 32 20 232 12 65 229 125 151] [[219 155 13 101 210 160 215 30 172 10 137 219 143 68 138 195 231 246 63 178 26 142 249 61 45 200 76 233 183 1 5 123]] [0 0 0 0 0 0 0 0 0 0 0 0 0 0 0 0 0 0 0 0 0 0 0 0 0 0 0 0 0 9 96 70] 614470 [193 106 35 52 33 37 83 161 213 57 44 58 220 34 25 128 223 235 240 26 137 129 112 94 4 247 82 180 38 59 83 235] 0 [49 73 206 222 9 21 228 98 221 244 219 78 56 78 110 171 54 133 132 252 97 245 101 77 192 121 217 103 90 253 121 120] 0 false}
General Logger:	2021/04/20 17:14:43 rotationService.go:89: event: 0xdb9b0d65d2a0d71eac0a89db8f448ac3e7f63fb21a8ef93d2dc84ce9b701057b
General Logger:	2021/04/20 17:14:43 client.go:51: Rotation Contract instanced: 0x8048098fE9d3E9FDF0e2f9e52014e80C41e57D97
General Logger:	2021/04/20 17:14:44 client.go:80: Rotation Contract instanced: 0x8048098fE9d3E9FDF0e2f9e52014e80C41e57D97
General Logger:	2021/04/20 17:18:55 main.go:41: smartContract=0x8048098fE9d3E9FDF0e2f9e52014e80C41e57D97
General Logger:	2021/04/20 17:19:07 rotationService.go:88: {[128 72 9 143 233 211 233 253 240 226 249 229 32 20 232 12 65 229 125 151] [[219 155 13 101 210 160 215 30 172 10 137 219 143 68 138 195 231 246 63 178 26 142 249 61 45 200 76 233 183 1 5 123]] [0 0 0 0 0 0 0 0 0 0 0 0 0 0 0 0 0 0 0 0 0 0 0 0 0 0 0 0 0 9 96 202] 614602 [151 236 248 187 221 7 165 16 38 18 31 221 152 49 12 72 111 147 0 44 207 169 204 107 103 87 254 106 229 205 228 12] 0 [142 55 10 0 189 229 108 228 134 186 213 217 47 195 215 79 51 231 148 116 57 101 56 132 10 230 131 218 39 196 30 155] 0 false}
General Logger:	2021/04/20 17:19:07 rotationService.go:89: event: 0xdb9b0d65d2a0d71eac0a89db8f448ac3e7f63fb21a8ef93d2dc84ce9b701057b
General Logger:	2021/04/20 17:19:07 client.go:51: Rotation Contract instanced: 0x8048098fE9d3E9FDF0e2f9e52014e80C41e57D97
General Logger:	2021/04/20 17:19:08 client.go:80: Rotation Contract instanced: 0x8048098fE9d3E9FDF0e2f9e52014e80C41e57D97
General Logger:	2021/04/20 17:21:22 main.go:41: smartContract=0x8048098fE9d3E9FDF0e2f9e52014e80C41e57D97
General Logger:	2021/04/20 17:21:33 rotationService.go:88: {[128 72 9 143 233 211 233 253 240 226 249 229 32 20 232 12 65 229 125 151] [[219 155 13 101 210 160 215 30 172 10 137 219 143 68 138 195 231 246 63 178 26 142 249 61 45 200 76 233 183 1 5 123]] [0 0 0 0 0 0 0 0 0 0 0 0 0 0 0 0 0 0 0 0 0 0 0 0 0 0 0 0 0 9 97 19] 614675 [7 203 168 61 83 65 185 128 9 219 252 19 100 64 172 35 15 5 180 205 24 108 202 108 31 95 218 3 216 198 212 245] 0 [131 141 142 171 86 185 109 19 81 10 35 18 199 136 81 56 37 195 10 176 9 76 49 175 91 204 157 211 212 3 206 121] 0 false}
General Logger:	2021/04/20 17:21:33 rotationService.go:89: event: 0xdb9b0d65d2a0d71eac0a89db8f448ac3e7f63fb21a8ef93d2dc84ce9b701057b
General Logger:	2021/04/20 17:21:33 client.go:51: Rotation Contract instanced: 0x8048098fE9d3E9FDF0e2f9e52014e80C41e57D97
General Logger:	2021/04/20 17:21:34 client.go:80: Rotation Contract instanced: 0x8048098fE9d3E9FDF0e2f9e52014e80C41e57D97
General Logger:	2021/04/20 17:28:29 main.go:41: smartContract=0x8048098fE9d3E9FDF0e2f9e52014e80C41e57D97
General Logger:	2021/04/20 17:28:37 rotationService.go:88: {[128 72 9 143 233 211 233 253 240 226 249 229 32 20 232 12 65 229 125 151] [[219 155 13 101 210 160 215 30 172 10 137 219 143 68 138 195 231 246 63 178 26 142 249 61 45 200 76 233 183 1 5 123]] [0 0 0 0 0 0 0 0 0 0 0 0 0 0 0 0 0 0 0 0 0 0 0 0 0 0 0 0 0 9 97 231] 614887 [249 86 173 2 231 162 215 44 164 195 72 132 162 51 28 233 136 222 105 158 0 41 213 74 224 34 252 70 163 237 54 90] 0 [90 123 244 208 165 134 47 53 3 70 148 135 183 83 187 127 139 150 201 17 28 93 167 58 146 88 148 217 98 239 96 194] 0 false}
General Logger:	2021/04/20 17:28:37 rotationService.go:89: event: 0xdb9b0d65d2a0d71eac0a89db8f448ac3e7f63fb21a8ef93d2dc84ce9b701057b
General Logger:	2021/04/20 17:28:37 client.go:51: Rotation Contract instanced: 0x8048098fE9d3E9FDF0e2f9e52014e80C41e57D97
General Logger:	2021/04/20 17:28:38 client.go:80: Rotation Contract instanced: 0x8048098fE9d3E9FDF0e2f9e52014e80C41e57D97
General Logger:	2021/04/20 17:29:39 main.go:41: smartContract=0x8048098fE9d3E9FDF0e2f9e52014e80C41e57D97
General Logger:	2021/04/20 17:29:49 rotationService.go:88: {[128 72 9 143 233 211 233 253 240 226 249 229 32 20 232 12 65 229 125 151] [[219 155 13 101 210 160 215 30 172 10 137 219 143 68 138 195 231 246 63 178 26 142 249 61 45 200 76 233 183 1 5 123]] [0 0 0 0 0 0 0 0 0 0 0 0 0 0 0 0 0 0 0 0 0 0 0 0 0 0 0 0 0 9 98 11] 614923 [219 230 123 1 206 127 175 68 176 100 62 107 97 58 237 182 115 249 247 18 62 111 31 255 198 101 214 129 126 247 39 243] 0 [206 185 65 3 102 245 145 177 102 75 131 60 244 231 82 255 228 213 206 94 62 86 66 108 227 103 177 15 178 135 207 236] 0 false}
General Logger:	2021/04/20 17:29:49 rotationService.go:89: event: 0xdb9b0d65d2a0d71eac0a89db8f448ac3e7f63fb21a8ef93d2dc84ce9b701057b
General Logger:	2021/04/20 17:29:49 client.go:51: Rotation Contract instanced: 0x8048098fE9d3E9FDF0e2f9e52014e80C41e57D97
General Logger:	2021/04/20 17:29:50 client.go:80: Rotation Contract instanced: 0x8048098fE9d3E9FDF0e2f9e52014e80C41e57D97
General Logger:	2021/04/20 20:43:57 main.go:41: smartContract=0x8048098fE9d3E9FDF0e2f9e52014e80C41e57D97
General Logger:	2021/04/20 20:44:23 rotationService.go:88: {[128 72 9 143 233 211 233 253 240 226 249 229 32 20 232 12 65 229 125 151] [[219 155 13 101 210 160 215 30 172 10 137 219 143 68 138 195 231 246 63 178 26 142 249 61 45 200 76 233 183 1 5 123]] [0 0 0 0 0 0 0 0 0 0 0 0 0 0 0 0 0 0 0 0 0 0 0 0 0 0 0 0 0 9 120 216] 620760 [95 185 25 0 195 240 133 154 211 72 134 233 32 252 33 173 129 80 100 122 205 20 172 101 149 146 75 36 65 138 254 200] 0 [87 216 179 111 240 23 205 86 90 109 37 143 9 136 36 178 87 154 131 102 225 252 253 68 211 169 255 194 166 69 41 141] 0 false}
General Logger:	2021/04/20 20:44:23 rotationService.go:89: event: 0xdb9b0d65d2a0d71eac0a89db8f448ac3e7f63fb21a8ef93d2dc84ce9b701057b
General Logger:	2021/04/20 20:44:23 client.go:51: Rotation Contract instanced: 0x8048098fE9d3E9FDF0e2f9e52014e80C41e57D97
General Logger:	2021/04/20 20:44:23 client.go:80: Rotation Contract instanced: 0x8048098fE9d3E9FDF0e2f9e52014e80C41e57D97
General Logger:	2021/04/21 11:12:52 main.go:41: smartContract=0x8048098fE9d3E9FDF0e2f9e52014e80C41e57D97
General Logger:	2021/04/21 11:13:29 rotationService.go:89: {[128 72 9 143 233 211 233 253 240 226 249 229 32 20 232 12 65 229 125 151] [[219 155 13 101 210 160 215 30 172 10 137 219 143 68 138 195 231 246 63 178 26 142 249 61 45 200 76 233 183 1 5 123]] [0 0 0 0 0 0 0 0 0 0 0 0 0 0 0 0 0 0 0 0 0 0 0 0 0 0 0 0 0 9 222 177] 646833 [182 225 218 79 142 70 7 115 166 157 1 15 215 207 244 178 173 59 102 182 134 99 205 248 253 163 235 147 16 230 142 10] 0 [83 52 62 111 73 46 23 197 46 6 238 12 223 97 242 208 208 19 96 205 0 37 27 171 180 238 255 59 37 190 195 171] 0 false}
General Logger:	2021/04/21 11:13:29 rotationService.go:90: event: 0xdb9b0d65d2a0d71eac0a89db8f448ac3e7f63fb21a8ef93d2dc84ce9b701057b
General Logger:	2021/04/21 11:13:29 client.go:80: Rotation Contract instanced: 0x8048098fE9d3E9FDF0e2f9e52014e80C41e57D97
General Logger:	2021/04/21 11:13:29 client.go:51: Rotation Contract instanced: 0x8048098fE9d3E9FDF0e2f9e52014e80C41e57D97
General Logger:	2021/04/21 11:19:38 main.go:41: smartContract=0x8048098fE9d3E9FDF0e2f9e52014e80C41e57D97
General Logger:	2021/04/21 11:19:49 rotationService.go:89: {[128 72 9 143 233 211 233 253 240 226 249 229 32 20 232 12 65 229 125 151] [[219 155 13 101 210 160 215 30 172 10 137 219 143 68 138 195 231 246 63 178 26 142 249 61 45 200 76 233 183 1 5 123]] [0 0 0 0 0 0 0 0 0 0 0 0 0 0 0 0 0 0 0 0 0 0 0 0 0 0 0 0 0 9 223 111] 647023 [255 239 144 155 45 240 152 79 197 233 158 90 136 142 178 125 18 224 139 253 65 139 44 245 161 213 79 128 183 230 180 20] 0 [80 100 13 94 96 135 112 111 249 97 97 182 169 18 21 252 91 43 214 254 201 37 37 134 127 251 240 125 97 14 232 247] 0 false}
General Logger:	2021/04/21 11:19:49 rotationService.go:90: event: 0xdb9b0d65d2a0d71eac0a89db8f448ac3e7f63fb21a8ef93d2dc84ce9b701057b
General Logger:	2021/04/21 11:19:49 client.go:51: Rotation Contract instanced: 0x8048098fE9d3E9FDF0e2f9e52014e80C41e57D97
General Logger:	2021/04/21 11:19:49 client.go:80: Rotation Contract instanced: 0x8048098fE9d3E9FDF0e2f9e52014e80C41e57D97
General Logger:	2021/04/21 11:21:04 main.go:41: smartContract=0x8048098fE9d3E9FDF0e2f9e52014e80C41e57D97
General Logger:	2021/04/21 11:21:17 rotationService.go:89: {[128 72 9 143 233 211 233 253 240 226 249 229 32 20 232 12 65 229 125 151] [[219 155 13 101 210 160 215 30 172 10 137 219 143 68 138 195 231 246 63 178 26 142 249 61 45 200 76 233 183 1 5 123]] [0 0 0 0 0 0 0 0 0 0 0 0 0 0 0 0 0 0 0 0 0 0 0 0 0 0 0 0 0 9 223 155] 647067 [177 240 85 203 0 84 153 43 224 17 28 169 244 61 30 123 174 61 226 64 63 220 160 226 250 75 166 43 165 84 194 46] 0 [106 32 43 130 123 182 144 122 28 0 175 231 2 246 7 165 81 82 208 14 164 138 96 103 223 104 124 164 53 145 17 227] 0 false}
General Logger:	2021/04/21 11:21:17 rotationService.go:90: event: 0xdb9b0d65d2a0d71eac0a89db8f448ac3e7f63fb21a8ef93d2dc84ce9b701057b
General Logger:	2021/04/21 11:21:17 client.go:80: Rotation Contract instanced: 0x8048098fE9d3E9FDF0e2f9e52014e80C41e57D97
General Logger:	2021/04/21 11:21:17 client.go:51: Rotation Contract instanced: 0x8048098fE9d3E9FDF0e2f9e52014e80C41e57D97
General Logger:	2021/04/21 11:25:21 main.go:41: smartContract=0x8048098fE9d3E9FDF0e2f9e52014e80C41e57D97
General Logger:	2021/04/21 11:25:33 rotationService.go:89: {[128 72 9 143 233 211 233 253 240 226 249 229 32 20 232 12 65 229 125 151] [[219 155 13 101 210 160 215 30 172 10 137 219 143 68 138 195 231 246 63 178 26 142 249 61 45 200 76 233 183 1 5 123]] [0 0 0 0 0 0 0 0 0 0 0 0 0 0 0 0 0 0 0 0 0 0 0 0 0 0 0 0 0 9 224 27] 647195 [22 142 246 99 240 189 225 160 162 209 248 127 216 79 187 58 216 248 188 250 226 195 30 211 121 46 65 94 192 151 130 6] 0 [249 222 217 171 110 47 189 171 216 225 212 161 123 235 193 9 28 27 236 30 87 83 137 115 38 149 97 36 10 222 124 136] 0 false}
General Logger:	2021/04/21 11:25:33 rotationService.go:90: event: 0xdb9b0d65d2a0d71eac0a89db8f448ac3e7f63fb21a8ef93d2dc84ce9b701057b
General Logger:	2021/04/21 11:25:33 client.go:80: Rotation Contract instanced: 0x8048098fE9d3E9FDF0e2f9e52014e80C41e57D97
General Logger:	2021/04/21 11:25:33 client.go:51: Rotation Contract instanced: 0x8048098fE9d3E9FDF0e2f9e52014e80C41e57D97
General Logger:	2021/04/21 11:28:52 main.go:41: smartContract=0x8048098fE9d3E9FDF0e2f9e52014e80C41e57D97
General Logger:	2021/04/21 11:29:05 rotationService.go:90: {[128 72 9 143 233 211 233 253 240 226 249 229 32 20 232 12 65 229 125 151] [[219 155 13 101 210 160 215 30 172 10 137 219 143 68 138 195 231 246 63 178 26 142 249 61 45 200 76 233 183 1 5 123]] [0 0 0 0 0 0 0 0 0 0 0 0 0 0 0 0 0 0 0 0 0 0 0 0 0 0 0 0 0 9 224 133] 647301 [219 103 45 144 43 96 163 72 192 62 179 35 171 19 97 225 62 6 12 59 247 58 213 170 88 155 19 93 130 31 104 56] 0 [81 15 249 89 31 71 247 65 204 107 254 149 177 170 149 68 41 65 83 172 15 188 159 32 183 22 140 29 240 208 71 148] 0 false}
General Logger:	2021/04/21 11:29:05 rotationService.go:91: event: 0xdb9b0d65d2a0d71eac0a89db8f448ac3e7f63fb21a8ef93d2dc84ce9b701057b
General Logger:	2021/04/21 11:29:05 client.go:80: Rotation Contract instanced: 0x8048098fE9d3E9FDF0e2f9e52014e80C41e57D97
General Logger:	2021/04/21 11:29:05 client.go:51: Rotation Contract instanced: 0x8048098fE9d3E9FDF0e2f9e52014e80C41e57D97
General Logger:	2021/04/21 11:30:40 main.go:41: smartContract=0x8048098fE9d3E9FDF0e2f9e52014e80C41e57D97
General Logger:	2021/04/21 11:30:55 rotationService.go:90: {[128 72 9 143 233 211 233 253 240 226 249 229 32 20 232 12 65 229 125 151] [[219 155 13 101 210 160 215 30 172 10 137 219 143 68 138 195 231 246 63 178 26 142 249 61 45 200 76 233 183 1 5 123]] [0 0 0 0 0 0 0 0 0 0 0 0 0 0 0 0 0 0 0 0 0 0 0 0 0 0 0 0 0 9 224 188] 647356 [33 64 15 91 168 199 46 4 122 198 20 241 231 242 122 147 54 146 106 245 128 101 198 31 82 168 142 216 57 88 3 175] 0 [66 12 98 225 19 241 0 120 215 89 109 96 152 126 117 196 164 144 211 60 47 120 250 205 237 89 45 13 54 169 32 121] 0 false}
General Logger:	2021/04/21 11:30:55 rotationService.go:91: event: 0xdb9b0d65d2a0d71eac0a89db8f448ac3e7f63fb21a8ef93d2dc84ce9b701057b
General Logger:	2021/04/21 11:30:55 client.go:51: Rotation Contract instanced: 0x8048098fE9d3E9FDF0e2f9e52014e80C41e57D97
General Logger:	2021/04/21 11:30:55 client.go:80: Rotation Contract instanced: 0x8048098fE9d3E9FDF0e2f9e52014e80C41e57D97
General Logger:	2021/04/21 11:32:20 main.go:41: smartContract=0x8048098fE9d3E9FDF0e2f9e52014e80C41e57D97
General Logger:	2021/04/21 11:32:31 rotationService.go:91: {[128 72 9 143 233 211 233 253 240 226 249 229 32 20 232 12 65 229 125 151] [[219 155 13 101 210 160 215 30 172 10 137 219 143 68 138 195 231 246 63 178 26 142 249 61 45 200 76 233 183 1 5 123]] [0 0 0 0 0 0 0 0 0 0 0 0 0 0 0 0 0 0 0 0 0 0 0 0 0 0 0 0 0 9 224 236] 647404 [99 101 152 16 190 69 88 19 63 243 132 236 163 60 243 247 146 235 74 167 182 203 173 195 179 236 170 18 183 6 126 131] 0 [244 233 4 79 226 131 22 86 222 72 251 206 125 62 176 64 13 222 169 100 14 84 214 187 95 230 235 92 223 57 95 13] 0 false}
General Logger:	2021/04/21 11:32:31 rotationService.go:92: event: 0xdb9b0d65d2a0d71eac0a89db8f448ac3e7f63fb21a8ef93d2dc84ce9b701057b
General Logger:	2021/04/21 11:32:31 client.go:80: Rotation Contract instanced: 0x8048098fE9d3E9FDF0e2f9e52014e80C41e57D97
General Logger:	2021/04/21 11:32:31 client.go:51: Rotation Contract instanced: 0x8048098fE9d3E9FDF0e2f9e52014e80C41e57D97
General Logger:	2021/04/21 11:44:30 main.go:41: smartContract=0x8048098fE9d3E9FDF0e2f9e52014e80C41e57D97
General Logger:	2021/04/21 11:44:47 rotationService.go:91: {[128 72 9 143 233 211 233 253 240 226 249 229 32 20 232 12 65 229 125 151] [[219 155 13 101 210 160 215 30 172 10 137 219 143 68 138 195 231 246 63 178 26 142 249 61 45 200 76 233 183 1 5 123]] [0 0 0 0 0 0 0 0 0 0 0 0 0 0 0 0 0 0 0 0 0 0 0 0 0 0 0 0 0 9 226 92] 647772 [219 10 176 165 183 89 39 163 177 215 187 2 55 220 12 200 86 165 125 147 34 205 95 37 147 166 147 155 177 87 140 180] 0 [144 106 87 70 198 204 180 235 58 42 188 234 79 78 4 249 24 38 37 24 18 56 78 210 117 74 46 62 16 156 179 241] 0 false}
General Logger:	2021/04/21 11:44:47 rotationService.go:92: event: 0xdb9b0d65d2a0d71eac0a89db8f448ac3e7f63fb21a8ef93d2dc84ce9b701057b
General Logger:	2021/04/21 11:44:47 client.go:80: Rotation Contract instanced: 0x8048098fE9d3E9FDF0e2f9e52014e80C41e57D97
General Logger:	2021/04/21 11:44:47 client.go:51: Rotation Contract instanced: 0x8048098fE9d3E9FDF0e2f9e52014e80C41e57D97
General Logger:	2021/04/21 11:47:01 main.go:41: smartContract=0x8048098fE9d3E9FDF0e2f9e52014e80C41e57D97
General Logger:	2021/04/21 11:49:37 rotationService.go:91: {[128 72 9 143 233 211 233 253 240 226 249 229 32 20 232 12 65 229 125 151] [[219 155 13 101 210 160 215 30 172 10 137 219 143 68 138 195 231 246 63 178 26 142 249 61 45 200 76 233 183 1 5 123]] [0 0 0 0 0 0 0 0 0 0 0 0 0 0 0 0 0 0 0 0 0 0 0 0 0 0 0 0 0 9 226 237] 647917 [125 128 155 194 152 91 92 125 169 44 51 63 113 226 251 203 19 238 86 181 62 133 84 159 171 183 149 223 252 200 37 222] 0 [147 156 124 104 77 51 77 172 16 40 150 170 113 242 31 245 177 36 182 1 228 235 66 54 143 239 220 134 68 194 187 218] 0 false}
General Logger:	2021/04/21 11:49:37 rotationService.go:92: event: 0xdb9b0d65d2a0d71eac0a89db8f448ac3e7f63fb21a8ef93d2dc84ce9b701057b
General Logger:	2021/04/21 11:49:37 client.go:51: Rotation Contract instanced: 0x8048098fE9d3E9FDF0e2f9e52014e80C41e57D97
General Logger:	2021/04/21 11:49:37 client.go:80: Rotation Contract instanced: 0x8048098fE9d3E9FDF0e2f9e52014e80C41e57D97
